<?xml version='1.0' encoding='UTF-8'?>
<hotspot_log version='160 1' process='67927' time_ms='1572060202300'>
<vm_version>
<name>
OpenJDK 64-Bit Server VM
</name>
<release>
14-internal+0-adhoc.xiaomingcong.openjdk10
</release>
<info>
OpenJDK 64-Bit Server VM (slowdebug 14-internal+0-adhoc.xiaomingcong.openjdk10) for bsd-amd64 JRE (14-internal+0-adhoc.xiaomingcong.openjdk10), built on Oct 26 2019 10:56:42 by &quot;xiaomingcong&quot; with clang 4.2.1 Compatible Apple LLVM 11.0.0 (clang-1100.0.33.8)
</info>
</vm_version>
<vm_arguments>
<args>
-XX:+PrintCompilation -Didea.launcher.port=56751 -Didea.launcher.bin.path=/Applications/IntelliJ IDEA CE.app/Contents/bin -Dfile.encoding=UTF-8 </args>
<command>
com.intellij.rt.execution.application.AppMainV2 jvmLearning.chapter11.Test
</command>
<launcher>
SUN_STANDARD
</launcher>
<properties>
java.vm.specification.name=Java Virtual Machine Specification
java.vm.version=14-internal+0-adhoc.xiaomingcong.openjdk10
java.vm.name=OpenJDK 64-Bit Server VM
jdk.debug=slowdebug
sun.boot.library.path=/Users/xiaomingcong/openjdk10/build/macosx-x86_64-server-slowdebug/jdk/lib
java.library.path=/Users/xiaomingcong/Library/Java/Extensions:/Library/Java/Extensions:/Network/Library/Java/Extensions:/System/Library/Java/Extensions:/usr/lib/java:.
java.home=/Users/xiaomingcong/openjdk10/build/macosx-x86_64-server-slowdebug/jdk
java.class.path=/Users/xiaomingcong/eclipse-workspace/FileReadTest/target/classes:/Users/xiaomingcong/openjdk10/build/macosx-x86_64-server-slowdebug/jdk/modules/java.base:/Users/xiaomingcong/openjdk10/build/macosx-x86_64-server-slowdebug/jdk/modules/java.compiler:/Users/xiaomingcong/openjdk10/build/macosx-x86_64-server-slowdebug/jdk/modules/java.datatransfer:/Users/xiaomingcong/openjdk10/build/macosx-x86_64-server-slowdebug/jdk/modules/java.desktop:/Users/xiaomingcong/openjdk10/build/macosx-x86_64-server-slowdebug/jdk/modules/java.instrument:/Users/xiaomingcong/openjdk10/build/macosx-x86_64-server-slowdebug/jdk/modules/java.logging:/Users/xiaomingcong/openjdk10/build/macosx-x86_64-server-slowdebug/jdk/modules/java.management:/Users/xiaomingcong/openjdk10/build/macosx-x86_64-server-slowdebug/jdk/modules/java.management.rmi:/Users/xiaomingcong/openjdk10/build/macosx-x86_64-server-slowdebug/jdk/modules/java.naming:/Users/xiaomingcong/openjdk10/build/macosx-x86_64-server-slowdebug/jdk/modules/java.net.http:/Users/xiaomingcong/openjdk10/build/macosx-x86_64-server-slowdebug/jdk/modules/java.prefs:/Users/xiaomingcong/openjdk10/build/macosx-x86_64-server-slowdebug/jdk/modules/java.rmi:/Users/xiaomingcong/openjdk10/build/macosx-x86_64-server-slowdebug/jdk/modules/java.scripting:/Users/xiaomingcong/openjdk10/build/macosx-x86_64-server-slowdebug/jdk/modules/java.se:/Users/xiaomingcong/openjdk10/build/macosx-x86_64-server-slowdebug/jdk/modules/java.security.jgss:/Users/xiaomingcong/openjdk10/build/macosx-x86_64-server-slowdebug/jdk/modules/java.security.sasl:/Users/xiaomingcong/openjdk10/build/macosx-x86_64-server-slowdebug/jdk/modules/java.smartcardio:/Users/xiaomingcong/openjdk10/build/macosx-x86_64-server-slowdebug/jdk/modules/java.sql:/Users/xiaomingcong/openjdk10/build/macosx-x86_64-server-slowdebug/jdk/modules/java.sql.rowset:/Users/xiaomingcong/openjdk10/build/macosx-x86_64-server-slowdebug/jdk/modules/java.transaction.xa:/Users/xiaomingcong/openjdk10/build/macosx-x86_64-server-slowdebug/jdk/modules/java.xml:/Users/xiaomingcong/openjdk10/build/macosx-x86_64-server-slowdebug/jdk/modules/java.xml.crypto:/Users/xiaomingcong/openjdk10/build/macosx-x86_64-server-slowdebug/jdk/modules/jdk.accessibility:/Users/xiaomingcong/openjdk10/build/macosx-x86_64-server-slowdebug/jdk/modules/jdk.aot:/Users/xiaomingcong/openjdk10/build/macosx-x86_64-server-slowdebug/jdk/modules/jdk.attach:/Users/xiaomingcong/openjdk10/build/macosx-x86_64-server-slowdebug/jdk/modules/jdk.charsets:/Users/xiaomingcong/openjdk10/build/macosx-x86_64-server-slowdebug/jdk/modules/jdk.compiler:/Users/xiaomingcong/openjdk10/build/macosx-x86_64-server-slowdebug/jdk/modules/jdk.crypto.cryptoki:/Users/xiaomingcong/openjdk10/build/macosx-x86_64-server-slowdebug/jdk/modules/jdk.crypto.ec:/Users/xiaomingcong/openjdk10/build/macosx-x86_64-server-slowdebug/jdk/modules/jdk.dynalink:/Users/xiaomingcong/openjdk10/build/macosx-x86_64-server-slowdebug/jdk/modules/jdk.editpad:/Users/xiaomingcong/openjdk10/build/macosx-x86_64-server-slowdebug/jdk/modules/jdk.hotspot.agent:/Users/xiaomingcong/openjdk10/build/macosx-x86_64-server-slowdebug/jdk/modules/jdk.httpserver:/Users/xiaomingcong/openjdk10/build/macosx-x86_64-server-slowdebug/jdk/modules/jdk.internal.ed:/Users/xiaomingcong/openjdk10/build/macosx-x86_64-server-slowdebug/jdk/modules/jdk.internal.jvmstat:/Users/xiaomingcong/openjdk10/build/macosx-x86_64-server-slowdebug/jdk/modules/jdk.internal.le:/Users/xiaomingcong/openjdk10/build/macosx-x86_64-server-slowdebug/jdk/modules/jdk.internal.opt:/Users/xiaomingcong/openjdk10/build/macosx-x86_64-server-slowdebug/jdk/modules/jdk.internal.vm.ci:/Users/xiaomingcong/openjdk10/build/macosx-x86_64-server-slowdebug/jdk/modules/jdk.internal.vm.compiler:/Users/xiaomingcong/openjdk10/build/macosx-x86_64-server-slowdebug/jdk/modules/jdk.internal.vm.compiler.management:/Users/xiaomingcong/openjdk10/build/macosx-x86_64-server-slowdebug/jdk/modules/jdk.jartool:/Users/xiaomingcong/openjdk10/build/macosx-x86_64-server-slowdebug/jdk/modules/jdk.javadoc:/Users/xiaomingcong/openjdk10/build/macosx-x86_64-server-slowdebug/jdk/modules/jdk.jcmd:/Users/xiaomingcong/openjdk10/build/macosx-x86_64-server-slowdebug/jdk/modules/jdk.jconsole:/Users/xiaomingcong/openjdk10/build/macosx-x86_64-server-slowdebug/jdk/modules/jdk.jdeps:/Users/xiaomingcong/openjdk10/build/macosx-x86_64-server-slowdebug/jdk/modules/jdk.jdi:/Users/xiaomingcong/openjdk10/build/macosx-x86_64-server-slowdebug/jdk/modules/jdk.jdwp.agent:/Users/xiaomingcong/openjdk10/build/macosx-x86_64-server-slowdebug/jdk/modules/jdk.jfr:/Users/xiaomingcong/openjdk10/build/macosx-x86_64-server-slowdebug/jdk/modules/jdk.jlink:/Users/xiaomingcong/openjdk10/build/macosx-x86_64-server-slowdebug/jdk/modules/jdk.jshell:/Users/xiaomingcong/openjdk10/build/macosx-x86_64-server-slowdebug/jdk/modules/jdk.jsobject:/Users/xiaomingcong/openjdk10/build/macosx-x86_64-server-slowdebug/jdk/modules/jdk.jstatd:/Users/xiaomingcong/openjdk10/build/macosx-x86_64-server-slowdebug/jdk/modules/jdk.localedata:/Users/xiaomingcong/openjdk10/build/macosx-x86_64-server-slowdebug/jdk/modules/jdk.management:/Users/xiaomingcong/openjdk10/build/macosx-x86_64-server-slowdebug/jdk/modules/jdk.management.agent:/Users/xiaomingcong/openjdk10/build/macosx-x86_64-server-slowdebug/jdk/modules/jdk.management.jfr:/Users/xiaomingcong/openjdk10/build/macosx-x86_64-server-slowdebug/jdk/modules/jdk.naming.dns:/Users/xiaomingcong/openjdk10/build/macosx-x86_64-server-slowdebug/jdk/modules/jdk.naming.rmi:/Users/xiaomingcong/openjdk10/build/macosx-x86_64-server-slowdebug/jdk/modules/jdk.net:/Users/xiaomingcong/openjdk10/build/macosx-x86_64-server-slowdebug/jdk/modules/jdk.nio.mapmode:/Users/xiaomingcong/openjdk10/build/macosx-x86_64-server-slowdebug/jdk/modules/jdk.pack:/Users/xiaomingcong/openjdk10/build/macosx-x86_64-server-slowdebug/jdk/modules/jdk.rmic:/Users/xiaomingcong/openjdk10/build/macosx-x86_64-server-slowdebug/jdk/modules/jdk.scripting.nashorn:/Users/xiaomingcong/openjdk10/build/macosx-x86_64-server-slowdebug/jdk/modules/jdk.scripting.nashorn.shell:/Users/xiaomingcong/openjdk10/build/macosx-x86_64-server-slowdebug/jdk/modules/jdk.sctp:/Users/xiaomingcong/openjdk10/build/macosx-x86_64-server-slowdebug/jdk/modules/jdk.security.auth:/Users/xiaomingcong/openjdk10/build/macosx-x86_64-server-slowdebug/jdk/modules/jdk.security.jgss:/Users/xiaomingcong/openjdk10/build/macosx-x86_64-server-slowdebug/jdk/modules/jdk.unsupported:/Users/xiaomingcong/openjdk10/build/macosx-x86_64-server-slowdebug/jdk/modules/jdk.unsupported.desktop:/Users/xiaomingcong/openjdk10/build/macosx-x86_64-server-slowdebug/jdk/modules/jdk.xml.dom:/Users/xiaomingcong/openjdk10/build/macosx-x86_64-server-slowdebug/jdk/modules/jdk.zipfs:/Applications/IntelliJ IDEA CE.app/Contents/lib/idea_rt.jar
jdk.boot.class.path.append=
java.vm.info=mixed mode, sharing
java.vm.specification.vendor=Oracle Corporation
java.vm.specification.version=14
java.vm.vendor=Oracle Corporation
idea.launcher.port=56751
idea.launcher.bin.path=/Applications/IntelliJ IDEA CE.app/Contents/bin
file.encoding=UTF-8
sun.java.command=com.intellij.rt.execution.application.AppMainV2 jvmLearning.chapter11.Test
sun.java.launcher=SUN_STANDARD
</properties>
</vm_arguments>
<tty>
<writer thread='7427'/>
<blob name='MethodHandlesAdapterBlob' size='182000'>
<sect index='1' size='182000' free='179994'/>
</blob>
<writer thread='22787'/>
    254    1       3       java.lang.Object::&lt;init&gt; (1 bytes)
    289    2       3       java.lang.String::isLatin1 (19 bytes)
    323    3       3       java.lang.String::charAt (25 bytes)
    326    4       3       java.lang.StringLatin1::charAt (28 bytes)
    328    5       3       java.lang.String::hashCode (60 bytes)
<writer thread='7427'/>
    382    6     n 0       java.lang.invoke.MethodHandle::linkToStatic(LLLLLLL)L (native)   (static)
<writer thread='22787'/>
    411    7       3       java.lang.String::coder (15 bytes)
<writer thread='7427'/>
    419    8     n 0       java.lang.invoke.MethodHandle::linkToStatic(LLL)L (native)   (static)
<writer thread='22787'/>
    420    9       3       java.lang.StringLatin1::hashCode (42 bytes)
    421   10       3       java.lang.String::length (11 bytes)
    422   11       1       java.lang.Enum::ordinal (5 bytes)
<writer thread='7427'/>
    422   12     n 0       java.lang.Object::hashCode (native)   
    424   13     n 0       java.lang.invoke.MethodHandle::invokeBasic(LLLLLL)L (native)   
<writer thread='22787'/>
    425   14       3       java.util.Objects::requireNonNull (14 bytes)
<writer thread='7427'/>
    425   15     n 0       java.lang.invoke.MethodHandle::linkToSpecial(LLLLLLLL)L (native)   (static)
    426   16     n 0       java.lang.System::arraycopy (native)   (static)
<writer thread='22787'/>
    427   17       1       java.lang.Class::getClassLoader0 (5 bytes)
<writer thread='7427'/>
    427   18     n 0       java.lang.Class::isPrimitive (native)   
<writer thread='22787'/>
    427   19       3       java.lang.StringLatin1::indexOf (61 bytes)
<writer thread='42499'/>
    438   20       4       java.lang.Object::&lt;init&gt; (1 bytes)
    439    1       3       java.lang.Object::&lt;init&gt; (1 bytes)   made not entrant
<writer thread='7427'/>
    439   21     n 0       java.lang.invoke.MethodHandle::invokeBasic(LL)L (native)   
    440   22     n 0       java.lang.invoke.MethodHandle::linkToSpecial(LLLL)L (native)   (static)
<writer thread='22787'/>
    441   23       3       jdk.internal.org.objectweb.asm.SymbolTable::get (13 bytes)
<writer thread='42499'/>
    442   25       4       java.lang.String::charAt (25 bytes)
<writer thread='22787'/>
    442   26       3       jdk.internal.org.objectweb.asm.ByteVector::putUTF8 (144 bytes)
<writer thread='42499'/>
    446    3       3       java.lang.String::charAt (25 bytes)   made not entrant
<writer thread='7427'/>
    447   30     n 0       jdk.internal.misc.Unsafe::getReferenceVolatile (native)   
<writer thread='22787'/>
    453   28       3       java.util.concurrent.ConcurrentHashMap::tabAt (22 bytes)
    455   29       3       jdk.internal.misc.Unsafe::getReferenceAcquire (7 bytes)
    455   24       3       java.lang.Math::min (11 bytes)
    456   27       3       jdk.internal.org.objectweb.asm.SymbolTable::hash (10 bytes)
    465   31       3       java.lang.StringLatin1::canEncode (13 bytes)
<writer thread='7427'/>
    471   32     n 0       java.lang.invoke.MethodHandle::linkToSpecial(LLL)L (native)   (static)
<writer thread='22787'/>
    472   33       3       java.lang.invoke.MemberName::testFlags (16 bytes)
    473   34       3       jdk.internal.org.objectweb.asm.Symbol::&lt;init&gt; (38 bytes)
    475   37       3       jdk.internal.org.objectweb.asm.ByteVector::putShort (52 bytes)
    477   35       3       jdk.internal.org.objectweb.asm.SymbolTable::put (150 bytes)
    482   36       3       java.lang.AbstractStringBuilder::ensureCapacityInternal (39 bytes)
<writer thread='7427'/>
    493   38     n 0       java.lang.invoke.MethodHandle::linkToSpecial(LLL)V (native)   (static)
<writer thread='22787'/>
    493   39       3       java.lang.String::&lt;init&gt; (15 bytes)
    494   40       3       jdk.internal.org.objectweb.asm.ByteVector::putByte (39 bytes)
<writer thread='7427'/>
    495   45     n 0       java.lang.invoke.MethodHandle::linkToStatic(LL)L (native)   (static)
<writer thread='22787'/>
    496   43       3       jdk.internal.org.objectweb.asm.SymbolTable::addConstantUtf8 (98 bytes)
<writer thread='7427'/>
    496   48     n 0       java.lang.invoke.MethodHandle::invokeBasic(L)L (native)   
<writer thread='22787'/>
    502   41       3       jdk.internal.org.objectweb.asm.SymbolTable$Entry::&lt;init&gt; (17 bytes)
    503   44       3       java.lang.String::equals (50 bytes)
    505   50       3       java.util.concurrent.ConcurrentHashMap::spread (10 bytes)
    506   42       1       java.lang.invoke.MethodType::returnType (5 bytes)
    507   51       3       java.lang.invoke.MemberName::isInvocable (8 bytes)
    509   52       3       java.lang.invoke.MemberName::testAnyFlags (15 bytes)
    510   46       3       java.lang.String::indexOf (29 bytes)
    513   56  s    3       java.io.BufferedInputStream::read (49 bytes)
<writer thread='42499'/>
    514   59       4       java.lang.String::isLatin1 (19 bytes)
    515    2       3       java.lang.String::isLatin1 (19 bytes)   made not entrant
<writer thread='22787'/>
    516   57       3       java.io.BufferedInputStream::getBufIfOpen (21 bytes)
    517   58       3       java.lang.AbstractStringBuilder::isLatin1 (19 bytes)
<writer thread='23811'/>
    517   54       3       java.lang.StringBuilder::append (8 bytes)
    518   61       3       java.lang.String::indexOf (7 bytes)
<writer thread='22787'/>
    519   60       3       java.lang.AbstractStringBuilder::append (77 bytes)
<writer thread='7427'/>
    520   70     n 0       java.lang.invoke.MethodHandle::linkToSpecial(LLLL)I (native)   (static)
<writer thread='23811'/>
    522   69       3       java.lang.StringLatin1::equals (36 bytes)
<writer thread='24323'/>
    522   62       3       java.lang.Character::charCount (12 bytes)
    523   66       3       java.lang.String::codePointAt (50 bytes)
<writer thread='23811'/>
    523   64       3       java.net.URI::match (56 bytes)
<writer thread='22787'/>
    525   63       3       sun.nio.fs.UnixUriUtils::match (50 bytes)
<writer thread='23811'/>
    525   55       3       sun.nio.fs.UnixPath::checkNotNul (16 bytes)
<writer thread='24323'/>
    526   68       3       java.util.HashMap::hash (20 bytes)
<writer thread='23811'/>
    527   67       3       java.io.DataInputStream::readUnsignedShort (39 bytes)
<writer thread='22787'/>
    527   65       3       java.lang.String::checkIndex (48 bytes)
<writer thread='24323'/>
    527   47       1       sun.invoke.util.Wrapper::basicTypeChar (5 bytes)
    528   53       3       java.util.Arrays::copyOfRange (64 bytes)
<writer thread='23811'/>
    529   49       1       java.lang.invoke.MemberName::getDeclaringClass (5 bytes)
    554   71       3       java.lang.invoke.MethodTypeForm::canonicalize (233 bytes)
<writer thread='7427'/>
    554   72     n 0       java.lang.invoke.MethodHandle::linkToVirtual(LL)V (native)   (static)
<writer thread='22787'/>
    555   73       3       java.lang.String::getBytes (44 bytes)
<writer thread='24323'/>
    557   74       3       java.util.Objects::equals (23 bytes)
<writer thread='7427'/>
    557   75     n 0       java.lang.invoke.MethodHandle::linkToStatic(LLL)I (native)   (static)
    558   79     n 0       java.lang.Class::isArray (native)   
<writer thread='24323'/>
    558   76       3       java.lang.StringLatin1::replace (198 bytes)
<writer thread='22787'/>
    558   77       3       java.lang.AbstractStringBuilder::putStringAt (29 bytes)
    561   78       3       java.lang.AbstractStringBuilder::getCoder (15 bytes)
    562   80       3       java.lang.invoke.MethodType::parameterType (7 bytes)
    569   81       3       java.lang.invoke.MethodType::hashCode (53 bytes)
<writer thread='23811'/>
    570   82       3       java.lang.invoke.MethodType::checkPtype (19 bytes)
<writer thread='24323'/>
    570   83       3       java.lang.Class::getClassLoader (28 bytes)
<writer thread='22787'/>
    571   84       3       java.lang.invoke.MethodType$ConcurrentWeakInternSet::expungeStaleElements (27 bytes)
<writer thread='23811'/>
    572   85   !   3       java.lang.ref.ReferenceQueue::poll (28 bytes)
    593   86       3       java.lang.AbstractStringBuilder::newCapacity (55 bytes)
<writer thread='24323'/>
    593   87       3       java.lang.String::substring (58 bytes)
<writer thread='22787'/>
    593   88       3       java.lang.String::checkBoundsBeginEnd (63 bytes)
<writer thread='23811'/>
    596   89       3       java.lang.StringLatin1::newString (17 bytes)
    597   90       3       java.lang.StringLatin1::lastIndexOf (40 bytes)
<writer thread='42499'/>
    598   94       4       java.lang.StringLatin1::indexOf (61 bytes)
<writer thread='24323'/>
    599   92       3       java.lang.StringBuilder::append (8 bytes)
    599   95       3       java.lang.String::isEmpty (14 bytes)
<writer thread='23811'/>
    600   93       3       java.lang.AbstractStringBuilder::append (45 bytes)
<writer thread='24323'/>
    600   91       3       java.lang.Class::getName (18 bytes)
    601   96       1       java.io.File::getPrefixLength (5 bytes)
<writer thread='22787'/>
    602   97       1       java.io.File::getPath (5 bytes)
<writer thread='7427'/>
    604   98     n 0       java.lang.invoke.MethodHandle::linkToStatic(LLLL)L (native)   (static)
<writer thread='24323'/>
    606   99       3       java.lang.invoke.MemberName::testAllFlags (7 bytes)
<writer thread='23811'/>
    607  100       3       java.util.concurrent.ConcurrentHashMap::get (162 bytes)
<writer thread='42499'/>
    615   19       3       java.lang.StringLatin1::indexOf (61 bytes)   made not entrant
<writer thread='22787'/>
    618  101       3       java.lang.StringBuilder::&lt;init&gt; (7 bytes)
<writer thread='24323'/>
    618  102       3       java.lang.AbstractStringBuilder::&lt;init&gt; (39 bytes)
<writer thread='23811'/>
    618  103       3       java.lang.StringBuilder::toString (35 bytes)
<writer thread='7427'/>
    620  104     n 0       java.lang.invoke.MethodHandle::invokeBasic()L (native)   
    620  105     n 0       java.lang.invoke.MethodHandle::linkToSpecial(LL)L (native)   (static)
<writer thread='22787'/>
    621  106       1       java.lang.invoke.MethodType::form (5 bytes)
<writer thread='24323'/>
    623  107       3       jdk.internal.org.objectweb.asm.ByteVector::put12 (64 bytes)
<writer thread='23811'/>
    624  108       1       java.lang.invoke.MethodType::ptypes (5 bytes)
<writer thread='7427'/>
    634  109     n 0       java.lang.invoke.MethodHandle::linkToSpecial(LL)V (native)   (static)
<writer thread='23811'/>
    635  110       3       java.lang.invoke.MethodType::makeImpl (108 bytes)
<writer thread='24323'/>
    635  111       3       java.lang.invoke.MethodType::&lt;init&gt; (15 bytes)
<writer thread='22787'/>
    635  112       3       java.lang.invoke.MethodType$ConcurrentWeakInternSet::get (47 bytes)
<writer thread='24323'/>
    636  113   !   3       java.lang.invoke.MemberName::getMethodType (203 bytes)
<writer thread='7427'/>
    638  114     n 0       java.lang.invoke.MethodHandle::linkToInterface(LLL)I (native)   (static)
<writer thread='22787'/>
    642  115       3       java.lang.invoke.MethodType::parameterCount (6 bytes)
    643  117       3       java.lang.invoke.MethodType::checkSlotCount (33 bytes)
<writer thread='23811'/>
    645  116       1       java.lang.invoke.LambdaForm$Name::index (5 bytes)
    645  118       1       jdk.internal.org.objectweb.asm.SymbolTable::getMajorVersion (5 bytes)
<writer thread='7427'/>
    653  119     n 0       java.lang.Object::getClass (native)   
<writer thread='23811'/>
    653  120       1       sun.nio.fs.UnixPath::getFileSystem (5 bytes)
<writer thread='24323'/>
    655  121       1       java.util.HashMap::size (5 bytes)
<writer thread='23811'/>
    656  122       3       java.lang.StringUTF16::compress (50 bytes)
<writer thread='24323'/>
    656  123       3       java.io.DataInputStream::readUTF (501 bytes)
<writer thread='22787'/>
    656  124       3       java.util.AbstractCollection::&lt;init&gt; (5 bytes)
    657  125       3       java.util.HashMap::putVal (300 bytes)
<writer thread='23811'/>
    658  127       3       java.util.HashMap::newNode (13 bytes)
    660  131       3       java.util.HashMap::put (13 bytes)
    662  134       3       java.util.HashMap$HashIterator::nextNode (100 bytes)
<writer thread='42499'/>
    664  136       4       java.lang.StringLatin1::hashCode (42 bytes)
<writer thread='23811'/>
    666  132       3       java.util.HashMap$HashIterator::hasNext (13 bytes)
    668  128       3       java.util.HashMap$Node::&lt;init&gt; (26 bytes)
    669  129       3       java.util.HashMap::afterNodeInsertion (1 bytes)
    670  142       3       java.io.DataInputStream::readUnsignedByte (22 bytes)
    672  146       3       java.io.DataInputStream::readFully (63 bytes)
<writer thread='39939'/>
    672  158       3       jdk.internal.module.ModuleInfo$ConstantPool::checkUnqualifiedName (131 bytes)
<writer thread='23811'/>
    675  130       3       java.util.HashSet::add (20 bytes)
<writer thread='22787'/>
    677  144       3       java.util.HashMap$KeyIterator::next (8 bytes)
    678  154       3       java.lang.CharacterData::of (120 bytes)
<writer thread='23811'/>
    679  155       3       java.lang.CharacterDataLatin1::getProperties (11 bytes)
    680  161       3       java.util.HashMap::resize (356 bytes)
<writer thread='22787'/>
    682  135       3       jdk.internal.module.ModuleInfo$ConstantPool::checkIndex (21 bytes)
    684  169       3       java.util.ImmutableCollections$SetN::probe (56 bytes)
<writer thread='42499'/>
    684    9       3       java.lang.StringLatin1::hashCode (42 bytes)   made not entrant
    684  166       4       java.io.BufferedInputStream::getBufIfOpen (21 bytes)
    685   57       3       java.io.BufferedInputStream::getBufIfOpen (21 bytes)   made not entrant
    686  141       4       java.lang.String::length (11 bytes)
    687   10       3       java.lang.String::length (11 bytes)   made not entrant
<writer thread='22787'/>
    688  170       3       java.util.ImmutableCollections$SetN::hashCode (46 bytes)
    691  126       3       java.util.AbstractSet::&lt;init&gt; (5 bytes)
<writer thread='42499'/>
    692  173  s    4       java.io.BufferedInputStream::read (49 bytes)
<writer thread='22787'/>
    692  140       3       java.util.AbstractMap::&lt;init&gt; (5 bytes)
    693  174       3       java.util.HashMap::getNode (148 bytes)
<writer thread='24323'/>
    695  143       3       jdk.internal.module.ModuleInfo$ConstantPool$Entry::&lt;init&gt; (10 bytes)
    696  145       3       java.lang.String::checkBoundsOffCount (64 bytes)
<writer thread='23811'/>
    698  150  s    3       java.io.BufferedInputStream::read (113 bytes)
<writer thread='22787'/>
    704  184       3       java.util.HashMap$HashIterator::&lt;init&gt; (79 bytes)
<writer thread='23811'/>
    704  156       3       java.lang.Character::codePointAt (51 bytes)
<writer thread='39939'/>
    706  157       3       java.lang.Character::isHighSurrogate (18 bytes)
<writer thread='39427'/>
    706  188       4       java.lang.StringLatin1::replace (198 bytes)
<writer thread='42499'/>
    707   56  s    3       java.io.BufferedInputStream::read (49 bytes)   made not entrant
<writer thread='39939'/>
    707  165       3       jdk.internal.module.ModuleInfo$ConstantPool::getUtf8 (54 bytes)
<writer thread='42499'/>
    708  182       4       java.lang.StringUTF16::compress (50 bytes)
<writer thread='22787'/>
    708  167       3       java.lang.Character::isJavaIdentifierPart (9 bytes)
<writer thread='24323'/>
    709  168       3       java.lang.CharacterDataLatin1::isJavaIdentifierPart (20 bytes)
<writer thread='22787'/>
    709  152       3       java.lang.String::replace (42 bytes)
<writer thread='23811'/>
    710  193       3       java.util.HashMap::keysToArray (81 bytes)
<writer thread='24323'/>
    711  159       3       java.lang.Math::floorMod (20 bytes)
    712  147       3       java.lang.StringUTF16::compress (20 bytes)
<writer thread='22787'/>
    713  148       3       jdk.internal.module.ModuleInfo$ConstantPool$ValueEntry::&lt;init&gt; (11 bytes)
<writer thread='23811'/>
    714  164       3       java.lang.String::&lt;init&gt; (74 bytes)
<writer thread='24323'/>
    714  199       3       java.util.AbstractCollection::addAll (42 bytes)
<writer thread='22787'/>
    715  151       3       java.io.BufferedInputStream::read1 (108 bytes)
<writer thread='24323'/>
    717  162       3       java.lang.String::&lt;init&gt; (14 bytes)
    719  163       3       java.lang.String::rangeCheck (9 bytes)
<writer thread='39939'/>
    720  149       3       java.io.DataInputStream::readUTF (5 bytes)
<writer thread='24323'/>
    720  180       3       jdk.internal.module.ModuleInfo$ConstantPool$IndexEntry::&lt;init&gt; (11 bytes)
<writer thread='23811'/>
    721  192       3       java.util.ImmutableCollections$ListN::get (7 bytes)
<writer thread='39939'/>
    721  133       3       jdk.internal.misc.Unsafe::allocateUninitializedArray (55 bytes)
<writer thread='23811'/>
    722  153       3       jdk.internal.misc.Unsafe::allocateUninitializedArray0 (90 bytes)
<writer thread='24323'/>
    722  189       3       jdk.internal.module.ModuleInfo$ConstantPool::getPackageName (73 bytes)
<writer thread='22787'/>
    725  204       3       java.lang.module.ModuleDescriptor$Exports::hashCode (38 bytes)
<writer thread='39939'/>
    725  175       3       java.lang.Integer::numberOfLeadingZeros (79 bytes)
<writer thread='23811'/>
    727  183       3       java.util.HashMap::containsKey (18 bytes)
<writer thread='22787'/>
    727  139       1       sun.nio.fs.NativeBuffer::address (5 bytes)
    728  176       3       java.lang.Float::isNaN (12 bytes)
<writer thread='7427'/>
    728  205     n 0       java.lang.Thread::currentThread (native)   (static)
<writer thread='39939'/>
    728  177       3       java.util.HashMap::tableSizeFor (32 bytes)
<writer thread='22787'/>
    729  178       3       java.util.HashMap::&lt;init&gt; (8 bytes)
<writer thread='23811'/>
    730  179       3       java.util.HashMap::&lt;init&gt; (98 bytes)
<writer thread='39939'/>
    730  185       3       java.util.Set::copyOf (27 bytes)
<writer thread='22787'/>
    730  186       3       java.lang.Math::max (11 bytes)
    731  203       3       java.util.HashSet::&lt;init&gt; (40 bytes)
<writer thread='24323'/>
    733  209       3       java.lang.Enum::hashCode (5 bytes)
<writer thread='39939'/>
    733  202       3       java.util.HashSet::contains (9 bytes)
<writer thread='24323'/>
    734  194       3       java.util.HashSet::iterator (13 bytes)
<writer thread='22787'/>
    736  195       3       java.util.HashMap::keySet (25 bytes)
<writer thread='39939'/>
    737  196       3       java.util.HashMap$KeySet::iterator (12 bytes)
<writer thread='24323'/>
    738  219   !   3       sun.nio.fs.UnixPath::initOffsets (189 bytes)
<writer thread='39939'/>
    739  171       3       sun.nio.fs.UnixPath::&lt;init&gt; (15 bytes)
<writer thread='22787'/>
    739  220       3       sun.nio.fs.UnixPath::getName (106 bytes)
<writer thread='39939'/>
    740  222       3       jdk.internal.module.ModuleInfo$ConstantPool::decodeModuleName (142 bytes)
<writer thread='22787'/>
    746  197       3       java.util.HashMap$KeyIterator::&lt;init&gt; (11 bytes)
<writer thread='42499'/>
    747  122       3       java.lang.StringUTF16::compress (50 bytes)   made not entrant
    747  210       4       jdk.internal.module.ModuleInfo$ConstantPool::checkUnqualifiedName (131 bytes)
<writer thread='22787'/>
    747  198       3       java.util.HashMap$KeySet::&lt;init&gt; (10 bytes)
<writer thread='25091'/>
    747  181       4       java.io.DataInputStream::readUTF (501 bytes)
<writer thread='22787'/>
    749  200       3       java.util.HashSet::size (8 bytes)
    750  221       3       java.lang.ThreadLocal::getMap (5 bytes)
<writer thread='24323'/>
    752  230       3       java.util.Set::of (4 bytes)
<writer thread='23811'/>
    752  224       3       java.lang.ThreadLocal$ThreadLocalMap::getEntry (42 bytes)
<writer thread='22787'/>
    752  223       3       java.lang.ThreadLocal::get (38 bytes)
<writer thread='24323'/>
    752  226       3       java.lang.String::lastIndexOf (12 bytes)
<writer thread='23811'/>
    754  227       3       java.lang.String::lastIndexOf (29 bytes)
<writer thread='22787'/>
    755  225       3       java.util.Set::of (68 bytes)
<writer thread='23811'/>
    757  215       3       java.util.HashMap::&lt;init&gt; (11 bytes)
<writer thread='24323'/>
    758  232       3       java.nio.Buffer::position (55 bytes)
<writer thread='23811'/>
    759  214       3       java.util.ImmutableCollections$Set12::hashCode (27 bytes)
    761  234       3       jdk.internal.misc.Unsafe::checkPrimitivePointer (19 bytes)
<writer thread='24323'/>
    761  235       3       jdk.internal.misc.Unsafe::checkPointer (19 bytes)
<writer thread='22787'/>
    762  242       3       jdk.internal.module.Checks::isJavaIdentifier (76 bytes)
<writer thread='24323'/>
    764  236       3       java.lang.module.ModuleDescriptor::packageName (24 bytes)
<writer thread='39939'/>
    766  233       3       java.util.ImmutableCollections$AbstractImmutableCollection::&lt;init&gt; (5 bytes)
<writer thread='23811'/>
    767  207       3       java.util.HashMap$ValueIterator::next (8 bytes)
<writer thread='39939'/>
    768  243       3       java.util.Collections$UnmodifiableCollection$1::hasNext (10 bytes)
<writer thread='23811'/>
    768  245       3       jdk.internal.module.ModuleInfo$ConstantPool::getClassName (73 bytes)
<writer thread='39939'/>
    769  246       3       java.nio.ByteBuffer::position (8 bytes)
    770  241       3       java.util.ImmutableCollections$SetN::contains (26 bytes)
<writer thread='24323'/>
    771  238       3       jdk.internal.module.ModuleInfo$ConstantPool::getModuleName (63 bytes)
<writer thread='39939'/>
    773  247       1       java.util.HashMap$Node::getKey (5 bytes)
    774  248       1       java.util.HashMap$Node::getValue (5 bytes)
    775  249       3       java.util.ImmutableCollections$SetN$SetNIterator::nextIndex (56 bytes)
<writer thread='22787'/>
    775  187       1       java.lang.module.ModuleDescriptor$Exports::source (5 bytes)
    776  160       1       java.nio.Buffer::position (5 bytes)
<writer thread='42499'/>
    776  158       3       jdk.internal.module.ModuleInfo$ConstantPool::checkUnqualifiedName (131 bytes)   made not entrant
    776  190       4       java.lang.StringLatin1::equals (36 bytes)
<writer thread='22787'/>
    777  172       1       java.nio.Buffer::limit (5 bytes)
<writer thread='39939'/>
    777  216       1       java.util.concurrent.locks.AbstractQueuedSynchronizer::getState (5 bytes)
<writer thread='22787'/>
    777  206       1       sun.nio.fs.UnixFileSystem::provider (5 bytes)
<writer thread='39939'/>
    778  208       1       sun.nio.fs.UnixFileSystem::needToResolveAgainstDefaultDirectory (5 bytes)
<writer thread='22787'/>
    778  211       1       sun.nio.fs.NativeBuffer::size (5 bytes)
<writer thread='39939'/>
    778  212       1       sun.nio.fs.NativeBuffer::owner (5 bytes)
<writer thread='22787'/>
    779  213       1       sun.nio.fs.NativeBuffer::setOwner (6 bytes)
<writer thread='7427'/>
    779  250     n 0       java.lang.invoke.MethodHandle::linkToInterface(LL)L (native)   (static)
<writer thread='39939'/>
    779  218       1       java.util.concurrent.locks.ReentrantReadWriteLock::readLock (5 bytes)
<writer thread='22787'/>
    779  217       1       java.nio.Buffer::capacity (5 bytes)
<writer thread='39939'/>
    780  137       3       java.lang.System::getSecurityManager (12 bytes)
<writer thread='23811'/>
    780  251       3       jdk.internal.org.objectweb.asm.ByteVector::putInt (74 bytes)
<writer thread='22787'/>
    780  138       3       java.lang.System::allowSecurityManager (13 bytes)
<writer thread='39427'/>
    781   76       3       java.lang.StringLatin1::replace (198 bytes)   made not entrant
    781  201       4       java.lang.Character::charCount (12 bytes)
<writer thread='22787'/>
    782  231       1       java.lang.module.ModuleDescriptor$Requires::name (5 bytes)
<writer thread='24323'/>
    782  239       1       java.lang.module.ModuleReference::descriptor (5 bytes)
<writer thread='39939'/>
    782  240       1       java.lang.module.ModuleDescriptor::name (5 bytes)
<writer thread='39427'/>
    783   62       3       java.lang.Character::charCount (12 bytes)   made not entrant
    783  228       4       java.io.DataInputStream::readUnsignedShort (39 bytes)
<writer thread='22787'/>
    784  252       3       jdk.internal.org.objectweb.asm.SymbolTable::addConstantUtf8Reference (101 bytes)
<writer thread='24323'/>
    787  253       3       java.lang.module.ModuleDescriptor$Requires::hashCode (63 bytes)
<writer thread='39939'/>
    791  255       3       java.util.Objects::hashCode (13 bytes)
<writer thread='24323'/>
    793  257       3       java.util.ImmutableCollections$AbstractImmutableList::hashCode (36 bytes)
<writer thread='23811'/>
    794  258       3       java.net.URI::toLower (19 bytes)
<writer thread='39939'/>
    794  259       3       java.net.URI::hash (33 bytes)
<writer thread='42499'/>
    794   69       3       java.lang.StringLatin1::equals (36 bytes)   made not entrant
    794  256       4       java.util.HashMap::putVal (300 bytes)
<writer thread='22787'/>
    794  260       3       java.util.ImmutableCollections$List12::get (32 bytes)
<writer thread='7427'/>
    796  261     n 0       java.lang.invoke.MethodHandle::linkToStatic(LL)I (native)   (static)
<writer thread='24323'/>
    801  262       1       java.lang.invoke.MethodHandle::type (5 bytes)
<writer thread='23811'/>
    801  263       1       java.lang.invoke.MethodType$ConcurrentWeakInternSet$WeakEntry::hashCode (5 bytes)
<writer thread='39939'/>
    801  264       3       jdk.internal.org.objectweb.asm.SymbolTable::addConstantClass (8 bytes)
<writer thread='22787'/>
    803  265       3       java.lang.invoke.MemberName::isConstructor (8 bytes)
<writer thread='7427'/>
    803  266     n 0       java.lang.invoke.MethodHandle::linkToVirtual(LL)L (native)   (static)
<writer thread='23811'/>
    805  267       3       sun.invoke.util.BytecodeDescriptor::unparseSig (91 bytes)
<writer thread='24323'/>
    805  268       3       sun.invoke.util.Wrapper::forBasicType (16 bytes)
<writer thread='7427'/>
    813  269     n 0       java.lang.invoke.MethodHandle::linkToSpecial(LL)I (native)   (static)
<writer thread='39939'/>
    813  270       1       java.lang.invoke.LambdaForm$Name::type (5 bytes)
<writer thread='22787'/>
    813  271       1       java.lang.invoke.LambdaForm$BasicType::basicTypeClass (5 bytes)
<writer thread='24323'/>
    814  272       3       java.lang.invoke.MemberName::initResolved (53 bytes)
<writer thread='39939'/>
    814  273       3       java.lang.invoke.MethodType::equals (56 bytes)
<writer thread='39427'/>
    817   67       3       java.io.DataInputStream::readUnsignedShort (39 bytes)   made not entrant
    817  191       4       java.lang.String::hashCode (60 bytes)
<writer thread='23811'/>
    818  274       3       jdk.internal.org.objectweb.asm.Handler::getExceptionTableLength (21 bytes)
<writer thread='22787'/>
    821  275       3       java.lang.invoke.DirectMethodHandle::internalMemberName (8 bytes)
<writer thread='39939'/>
    821  276       3       java.lang.ref.Reference::reachabilityFence (1 bytes)
<writer thread='24323'/>
    822  277       3       java.util.ImmutableCollections$SetN$SetNIterator::next (47 bytes)
<writer thread='22787'/>
    822  278       1       java.util.stream.FindOps$FindSink::cancellationRequested (5 bytes)
<writer thread='23811'/>
    822  279       1       java.util.Spliterators$IteratorSpliterator::characteristics (5 bytes)
<writer thread='22787'/>
    823  280       3       java.util.stream.ReferencePipeline$2$1::accept (27 bytes)
<writer thread='23811'/>
    823  281       3       java.util.ImmutableCollections$SetN$SetNIterator::hasNext (13 bytes)
<writer thread='39939'/>
    830  283       3       java.lang.invoke.LambdaForm$MH/0x0000000800061840::linkToTargetMethod (10 bytes)
<writer thread='23811'/>
    830  284       3       java.lang.invoke.LambdaForm$DMH/0x0000000800060440::invokeStatic (15 bytes)
<writer thread='24323'/>
    831  285       3       java.util.Optional::&lt;init&gt; (10 bytes)
<writer thread='7427'/>
    831  286     n 0       jdk.internal.reflect.Reflection::getCallerClass (native)   (static)
<writer thread='22787'/>
    831  287       3       java.util.Optional::of (12 bytes)
<writer thread='24323'/>
    832  288       3       java.util.HashMap::get (23 bytes)
<writer thread='39939'/>
    832  289       1       java.lang.module.ModuleDescriptor$Provides::service (5 bytes)
    834  290       3       java.security.AccessController::doPrivileged (9 bytes)
<writer thread='23811'/>
    834  291       3       java.security.AccessController::executePrivileged (65 bytes)
<writer thread='22787'/>
    834  292       1       java.lang.module.ModuleDescriptor$Requires::modifiers (5 bytes)
<writer thread='7427'/>
<dependency_failed type='leaf_type' ctxk='java/util/HashSet' witness='java/util/LinkedHashSet' stamp='0.835'/>
<dependency_failed type='leaf_type' ctxk='java/util/HashSet' witness='java/util/LinkedHashSet' stamp='0.835'/>
    835  185       3       java.util.Set::copyOf (27 bytes)   made not entrant
    835  203       3       java.util.HashSet::&lt;init&gt; (40 bytes)   made not entrant
<dependency_failed type='leaf_type' ctxk='java/util/HashMap' witness='java/util/LinkedHashMap' stamp='0.838'/>
<dependency_failed type='leaf_type' ctxk='java/util/HashMap' witness='java/util/LinkedHashMap' stamp='0.838'/>
<dependency_failed type='leaf_type' ctxk='java/util/HashMap' witness='java/util/LinkedHashMap' stamp='0.838'/>
<dependency_failed type='leaf_type' ctxk='java/util/HashMap' witness='java/util/LinkedHashMap' stamp='0.838'/>
<dependency_failed type='leaf_type' ctxk='java/util/HashMap' witness='java/util/LinkedHashMap' stamp='0.838'/>
<dependency_failed type='leaf_type' ctxk='java/util/HashMap' witness='java/util/LinkedHashMap' stamp='0.838'/>
<dependency_failed type='leaf_type' ctxk='java/util/HashMap' witness='java/util/LinkedHashMap' stamp='0.838'/>
<dependency_failed type='leaf_type' ctxk='java/util/HashMap' witness='java/util/LinkedHashMap' stamp='0.838'/>
<dependency_failed type='leaf_type' ctxk='java/util/HashMap' witness='java/util/LinkedHashMap' stamp='0.838'/>
<dependency_failed type='leaf_type' ctxk='java/util/HashMap' witness='java/util/LinkedHashMap' stamp='0.838'/>
<dependency_failed type='leaf_type' ctxk='java/util/HashMap' witness='java/util/LinkedHashMap' stamp='0.838'/>
    838  131       3       java.util.HashMap::put (13 bytes)   made not entrant
    838  125       3       java.util.HashMap::putVal (300 bytes)   made not entrant
    838  130       3       java.util.HashSet::add (20 bytes)   made not entrant
    838  183       3       java.util.HashMap::containsKey (18 bytes)   made not entrant
    838  178       3       java.util.HashMap::&lt;init&gt; (8 bytes)   made not entrant
    838  202       3       java.util.HashSet::contains (9 bytes)   made not entrant
    838  194       3       java.util.HashSet::iterator (13 bytes)   made not entrant
    838  200       3       java.util.HashSet::size (8 bytes)   made not entrant
    838  179       3       java.util.HashMap::&lt;init&gt; (98 bytes)   made not entrant
    838  215       3       java.util.HashMap::&lt;init&gt; (11 bytes)   made not entrant
    838  288       3       java.util.HashMap::get (23 bytes)   made not entrant
<writer thread='24323'/>
    839  293       3       java.util.ImmutableCollections$Set12$1::hasNext (13 bytes)
<writer thread='23811'/>
    839  294       3       java.util.HashMap::get (23 bytes)
<writer thread='22787'/>
    839  295       3       java.util.HashSet::contains (9 bytes)
<writer thread='39939'/>
    840  297       3       java.util.HashMap::containsKey (18 bytes)
<writer thread='24323'/>
    840  296       3       java.lang.module.ModuleDescriptor::hashCode (170 bytes)
<writer thread='39427'/>
    842    5       3       java.lang.String::hashCode (60 bytes)   made not entrant
    842  282       4       java.util.HashMap::hash (20 bytes)
<writer thread='23811'/>
    843  301       3       java.util.HashMap::&lt;init&gt; (11 bytes)
<writer thread='39939'/>
    843  307       3       java.util.HashSet::iterator (13 bytes)
<writer thread='22787'/>
    843  302       3       jdk.internal.module.ModuleReferenceImpl::hashCode (56 bytes)
<writer thread='23811'/>
    844  308       3       java.lang.module.ResolvedModule::hashCode (16 bytes)
<writer thread='39939'/>
    844  311       1       java.util.ImmutableCollections$Set12::isEmpty (2 bytes)
    845  313       3       java.lang.module.ModuleDescriptor$Exports::isQualified (18 bytes)
<writer thread='23811'/>
    845  314       3       java.util.ImmutableCollections$SetN::isEmpty (13 bytes)
    847  316       3       java.util.HashMap::putIfAbsent (13 bytes)
<writer thread='39939'/>
    847  312       1       java.lang.module.ModuleDescriptor$Exports::targets (5 bytes)
<writer thread='39427'/>
    847   68       3       java.util.HashMap::hash (20 bytes)   made not entrant
    847  306       4       java.util.HashMap::afterNodeInsertion (1 bytes)
<writer thread='39939'/>
    848  315       3       java.util.ImmutableCollections$Set12::contains (28 bytes)
<writer thread='39427'/>
    848  129       3       java.util.HashMap::afterNodeInsertion (1 bytes)   made not entrant
    848  317       4       java.util.ImmutableCollections$SetN$SetNIterator::nextIndex (56 bytes)
<writer thread='25859'/>
    848  304       4       java.util.HashMap::newNode (13 bytes)
<writer thread='22787'/>
    849  305       3       java.lang.Enum::equals (11 bytes)
<writer thread='23811'/>
    849  300       1       java.lang.module.ModuleDescriptor::requires (5 bytes)
<writer thread='39939'/>
    850  298       1       java.util.ImmutableCollections$SetN::size (5 bytes)
<writer thread='23811'/>
    851  310       1       java.lang.module.ModuleDescriptor::isAutomatic (5 bytes)
<writer thread='22787'/>
    851  309       3       java.util.ImmutableCollections$Set12$1::next (92 bytes)
<writer thread='39939'/>
    851  322       1       java.lang.module.ResolvedModule::reference (5 bytes)
<writer thread='39427'/>
    851  249       3       java.util.ImmutableCollections$SetN$SetNIterator::nextIndex (56 bytes)   made not entrant
    851  320       4       java.lang.String::equals (50 bytes)
<writer thread='23811'/>
    853  303       3       java.util.HashSet::&lt;init&gt; (16 bytes)
<writer thread='25859'/>
    854  127       3       java.util.HashMap::newNode (13 bytes)   made not entrant
    854  325       4       java.util.ImmutableCollections$SetN$SetNIterator::next (47 bytes)
<writer thread='39939'/>
    854  321       1       java.lang.module.ModuleDescriptor::exports (5 bytes)
<writer thread='22787'/>
    856  318       1       java.lang.module.ModuleDescriptor::provides (5 bytes)
<writer thread='24323'/>
    857  323       1       java.lang.module.ModuleDescriptor::uses (5 bytes)
<writer thread='39939'/>
    858  326       1       java.lang.module.ModuleDescriptor::packages (5 bytes)
<writer thread='7427'/>
    859  327     n 0       jdk.internal.misc.Unsafe::compareAndSetLong (native)   
<writer thread='22787'/>
    859  328       3       java.util.concurrent.ConcurrentHashMap$Node::&lt;init&gt; (20 bytes)
<writer thread='7427'/>
    859  331     n 0       jdk.internal.misc.Unsafe::compareAndSetReference (native)   
<writer thread='39939'/>
    859  330   !   3       java.util.concurrent.ConcurrentHashMap::putVal (432 bytes)
<writer thread='39427'/>
    859   44       3       java.lang.String::equals (50 bytes)   made not entrant
<writer thread='23811'/>
    859  329       3       java.util.concurrent.ConcurrentHashMap::addCount (280 bytes)
<writer thread='39427'/>
    859  324       4       java.util.ImmutableCollections$SetN$SetNIterator::hasNext (13 bytes)
<writer thread='24323'/>
    860  332       3       java.util.concurrent.ConcurrentHashMap::casTabAt (21 bytes)
<writer thread='22787'/>
    860  335       3       java.util.concurrent.ConcurrentHashMap::putIfAbsent (8 bytes)
<writer thread='39427'/>
    861  281       3       java.util.ImmutableCollections$SetN$SetNIterator::hasNext (13 bytes)   made not entrant
    861  319       4       java.util.HashMap$HashIterator::hasNext (13 bytes)
<writer thread='24323'/>
    861  333       3       java.util.ImmutableCollections$SetN::iterator (9 bytes)
<writer thread='22787'/>
    862  334       3       java.util.ImmutableCollections$SetN$SetNIterator::&lt;init&gt; (40 bytes)
<writer thread='39427'/>
    862  132       3       java.util.HashMap$HashIterator::hasNext (13 bytes)   made not entrant
    862  244       4       java.lang.String::indexOf (7 bytes)
<writer thread='24323'/>
    863  336       3       java.lang.String::startsWith (138 bytes)
<writer thread='22787'/>
    867  338       1       java.net.URL::getUserInfo (5 bytes)
    867  340       3       java.util.Optional::orElse (16 bytes)
    869  339       1       java.net.URL::getHost (5 bytes)
<writer thread='25859'/>
    870  277       3       java.util.ImmutableCollections$SetN$SetNIterator::next (47 bytes)   made not entrant
    870  299       4       java.util.HashMap::put (13 bytes)
<writer thread='22787'/>
    878  341       3       java.util.ImmutableCollections$Set12::size (13 bytes)
<writer thread='24323'/>
    878  342       3       java.lang.module.ResolvedModule::name (11 bytes)
<writer thread='22787'/>
    883  343       3       java.util.ImmutableCollections$Set12::iterator (9 bytes)
<writer thread='24323'/>
    883  345       3       java.util.HashMap::isEmpty (13 bytes)
<writer thread='23811'/>
    885  344       3       java.util.ImmutableCollections$Set12$1::&lt;init&gt; (21 bytes)
<writer thread='24323'/>
    886  348       3       java.util.HashSet::toArray (18 bytes)
<writer thread='22787'/>
    886  347       3       java.util.HashSet::isEmpty (8 bytes)
<writer thread='24323'/>
    888  349       3       java.util.HashSet::&lt;init&gt; (40 bytes)
<writer thread='23811'/>
    888  350       3       java.util.HashMap::&lt;init&gt; (98 bytes)
<writer thread='22787'/>
    888  351       3       java.util.HashMap::&lt;init&gt; (8 bytes)
    889  352       3       java.util.Set::copyOf (27 bytes)
<writer thread='39427'/>
    891   61       3       java.lang.String::indexOf (7 bytes)   made not entrant
    891  254       4       java.util.HashSet::add (20 bytes)
<writer thread='22787'/>
    892  353       3       java.util.ImmutableCollections$AbstractImmutableSet::&lt;init&gt; (5 bytes)
<writer thread='7427'/>
    894  355     n 0       jdk.internal.misc.Unsafe::compareAndSetInt (native)   
<writer thread='22787'/>
    894  354       1       java.lang.module.ResolvedModule::configuration (5 bytes)
    895  356       3       java.util.ImmutableCollections$ListItr::hasNext (17 bytes)
    896  357       3       java.util.ImmutableCollections$List12::size (13 bytes)
<writer thread='24323'/>
    898  358       1       jdk.internal.module.ModuleReferenceImpl::moduleResolution (5 bytes)
<writer thread='39939'/>
    903  359       3       java.nio.Buffer::limit (74 bytes)
<writer thread='22787'/>
    904  360       3       java.util.HashSet::size (8 bytes)
    906  362       3       sun.nio.fs.UnixPath::toUnixPath (32 bytes)
<writer thread='39939'/>
    907  363       3       sun.nio.fs.UnixNativeDispatcher::copyToNativeBuffer (49 bytes)
<writer thread='24323'/>
    907  364       3       sun.nio.fs.UnixPath::getByteArrayForSysCalls (48 bytes)
<writer thread='22787'/>
    909  368       3       java.net.URI$Parser::scan (76 bytes)
<writer thread='24323'/>
    911  372       3       sun.nio.fs.UnixPath::compareTo (92 bytes)
<writer thread='39939'/>
    912  373       3       java.net.URI$Parser::scan (41 bytes)
<writer thread='42499'/>
<dependency_failed type='unique_concrete_method' ctxk='java/util/HashMap' x='java.util.HashMap afterNodeInsertion (Z)V' witness='java/util/LinkedHashMap' stamp='0.914'/>
<dependency_failed type='unique_concrete_method' ctxk='java/util/HashMap' x='java.util.HashMap afterNodeAccess (Ljava/util/HashMap$Node;)V' witness='java/util/LinkedHashMap' stamp='0.914'/>
<dependency_failed type='unique_concrete_method' ctxk='java/util/HashMap' x='java.util.HashMap newNode (ILjava/lang/Object;Ljava/lang/Object;Ljava/util/HashMap$Node;)Ljava/util/HashMap$Node;' witness='java/util/LinkedHashMap' stamp='0.914'/>
    913  256       4       java.util.HashMap::putVal (300 bytes)   COMPILE SKIPPED: concurrent class loading
<writer thread='24323'/>
    917  378       3       sun.nio.fs.UnixPath::getFileSystem (5 bytes)
<writer thread='7427'/>
    917  384     n 0       jdk.internal.misc.Unsafe::copyMemory0 (native)   
<writer thread='42499'/>
    917  377       4       java.net.URI::match (56 bytes)
<writer thread='24323'/>
    918  386       3       java.lang.CharacterDataLatin1::isJavaIdentifierStart (23 bytes)
<writer thread='23811'/>
    919  379       3       java.util.Collections$UnmodifiableCollection$1::next (10 bytes)
    920  381       3       java.net.URI$Parser::at (23 bytes)
<writer thread='24323'/>
    920  387       3       java.nio.charset.CoderResult::isUnderflow (13 bytes)
    921  388       3       java.util.HashMap::afterNodeAccess (1 bytes)
<writer thread='22787'/>
    922  380       3       jdk.internal.misc.Unsafe::checkSize (32 bytes)
<writer thread='42499'/>
    922   64       3       java.net.URI::match (56 bytes)   made not entrant
<writer thread='24323'/>
    922  389       3       java.nio.ByteBuffer::limit (8 bytes)
<writer thread='42499'/>
    922  385       4       java.util.HashMap::putVal (300 bytes)
<writer thread='24323'/>
    923  382       3       jdk.internal.misc.Unsafe::copyMemory (33 bytes)
<writer thread='22787'/>
    924  383       3       jdk.internal.misc.Unsafe::copyMemoryChecks (21 bytes)
<writer thread='23811'/>
    928  392       3       jdk.internal.misc.Unsafe::checkOffset (32 bytes)
    933  406       3       java.util.ArrayList$Itr::hasNext (20 bytes)
    934  401       3       java.lang.module.ModuleDescriptor$Exports::&lt;init&gt; (26 bytes)
<writer thread='24323'/>
    942  390       3       java.io.DataInputStream::readInt (72 bytes)
<writer thread='23811'/>
    944  402       3       java.lang.module.ModuleDescriptor$Builder::exports (92 bytes)
<writer thread='22787'/>
    944  400       3       java.util.Objects::requireNonNull (15 bytes)
<writer thread='24323'/>
    946  391       3       java.util.HashMap::values (25 bytes)
<writer thread='22787'/>
    946  393       3       java.util.HashMap$Values::iterator (12 bytes)
<writer thread='7427'/>
    947  414     n 0       jdk.internal.misc.Unsafe::putByte (native)   
<writer thread='22787'/>
    948  365       3       sun.nio.fs.NativeBuffers::getNativeBufferFromCache (51 bytes)
<writer thread='39939'/>
    952  415       3       java.util.Arrays::copyOf (19 bytes)
<writer thread='26371'/>
    952  408       4       java.util.HashMap$HashIterator::nextNode (100 bytes)
<writer thread='26627'/>
    952  407       4       java.lang.StringLatin1::lastIndexOf (40 bytes)
<writer thread='24323'/>
    953  404       3       java.util.ArrayList::add (25 bytes)
<writer thread='22787'/>
    954  405       3       java.util.ArrayList::add (23 bytes)
<writer thread='39939'/>
    955  412       3       java.util.ArrayList$Itr::next (66 bytes)
<writer thread='23811'/>
    957  413       3       java.util.ArrayList$Itr::checkForComodification (23 bytes)
<writer thread='24323'/>
    957  416   !   3       java.util.ImmutableCollections$ListItr::next (34 bytes)
<writer thread='22787'/>
    958  419       3       java.nio.ByteBuffer::arrayOffset (35 bytes)
<writer thread='23811'/>
    959  394       3       java.util.HashMap$ValueIterator::&lt;init&gt; (11 bytes)
<writer thread='39939'/>
    959  395       3       java.util.HashMap$Values::&lt;init&gt; (10 bytes)
<writer thread='24323'/>
    959  396       3       java.util.HashMap$Values::size (8 bytes)
<writer thread='23811'/>
    960  426       3       jdk.internal.misc.Unsafe::checkNativeAddress (28 bytes)
<writer thread='24323'/>
    960  366       3       sun.nio.fs.NativeBuffer::release (5 bytes)
<writer thread='39939'/>
    960  367       3       sun.nio.fs.NativeBuffers::releaseNativeBuffer (97 bytes)
<writer thread='22787'/>
    961  370       3       sun.nio.fs.NativeBuffers::copyCStringToNativeBuffer (67 bytes)
<writer thread='23811'/>
    961  371       3       jdk.internal.misc.Unsafe::putByte (8 bytes)
<writer thread='24323'/>
    961  418       3       java.nio.CharBuffer::arrayOffset (35 bytes)
<writer thread='23811'/>
    962  420       3       java.nio.Buffer::&lt;init&gt; (99 bytes)
<writer thread='24323'/>
    964  423       3       java.nio.ByteBuffer::position (6 bytes)
    965  430       3       java.net.URI$Parser::checkChars (44 bytes)
<writer thread='39939'/>
    969  429       3       java.io.InputStream::&lt;init&gt; (5 bytes)
    970  427       3       java.lang.module.ModuleDescriptor$Builder::exports (31 bytes)
<writer thread='23811'/>
    978  435       3       java.lang.module.ModuleDescriptor$Builder$$Lambda$3/0x0000000800062840::accept (12 bytes)
<writer thread='26627'/>
    980   90       3       java.lang.StringLatin1::lastIndexOf (40 bytes)   made not entrant
<writer thread='24323'/>
    980  439       3       java.lang.module.ModuleDescriptor$Provides::hashCode (21 bytes)
<writer thread='26627'/>
    980  398       4       java.util.HashMap::resize (356 bytes)
<writer thread='22787'/>
    982  436       3       java.lang.module.ModuleDescriptor$Builder::lambda$provides$0 (15 bytes)
<writer thread='24323'/>
    982  441       3       java.nio.file.Files::provider (10 bytes)
<writer thread='39939'/>
    984  437       3       java.util.concurrent.locks.AbstractQueuedSynchronizer::compareAndSetState (13 bytes)
<writer thread='24323'/>
    984  438       3       sun.nio.fs.UnixDirectoryStream::readLock (8 bytes)
<writer thread='39939'/>
    985  442       3       java.lang.ref.Reference::&lt;init&gt; (25 bytes)
<writer thread='7427'/>
    986  443     n 0       java.lang.invoke.MethodHandle::linkToStatic(LLL)V (native)   (static)
<writer thread='24323'/>
    986  403       1       java.lang.module.ModuleDescriptor$Provides::providers (5 bytes)
    986  399       1       sun.nio.fs.UnixPath::asByteArray (5 bytes)
    988  397       1       java.nio.file.Files$AcceptAllFilter::accept (2 bytes)
    988  422       1       java.lang.AbstractStringBuilder::length (5 bytes)
<writer thread='39939'/>
    989  431       1       jdk.internal.module.ModuleInfo$Attributes::descriptor (5 bytes)
<writer thread='24323'/>
    990  432       1       jdk.internal.module.ModuleInfo$Attributes::target (5 bytes)
<writer thread='22787'/>
    990  433       1       jdk.internal.module.ModuleInfo$Attributes::recordedHashes (5 bytes)
<writer thread='24323'/>
    992  434       1       jdk.internal.module.ModuleInfo$Attributes::moduleResolution (5 bytes)
<writer thread='39939'/>
    993  417       1       java.nio.charset.CharsetEncoder::maxBytesPerChar (5 bytes)
<writer thread='22787'/>
    994  421       1       java.nio.DirectByteBuffer::address (5 bytes)
<writer thread='24323'/>
    994  424       1       java.nio.HeapByteBuffer::isReadOnly (2 bytes)
<writer thread='39939'/>
    995  425       1       java.nio.DirectByteBuffer::isDirect (2 bytes)
<writer thread='24323'/>
    995  428       1       java.util.Collections$EmptyIterator::hasNext (2 bytes)
    996  445       3       java.lang.invoke.MemberName::getMethodOrFieldType (72 bytes)
<writer thread='22787'/>
    996  444       1       java.lang.invoke.MethodHandles$Lookup::lookupClass (5 bytes)
<writer thread='7427'/>
    996  446     n 0       java.lang.invoke.MethodHandle::linkToStatic(LLLL)V (native)   (static)
<writer thread='39939'/>
    996  447       3       java.lang.invoke.LambdaForm$BasicType::basicType (19 bytes)
<writer thread='22787'/>
    996  448       3       jdk.internal.org.objectweb.asm.ByteVector::&lt;init&gt; (13 bytes)
<writer thread='23811'/>
    997  450       3       jdk.internal.org.objectweb.asm.ByteVector::putByteArray (49 bytes)
<writer thread='7427'/>
    998  451     n 0       java.lang.Class::isInterface (native)   
<writer thread='22787'/>
    998  452       3       java.lang.Object::equals (11 bytes)
<writer thread='39939'/>
    999  453       3       jdk.internal.org.objectweb.asm.MethodWriter::visitVarInsn (302 bytes)
<writer thread='22787'/>
    999  449       3       jdk.internal.org.objectweb.asm.Frame::execute (2305 bytes)
<writer thread='23811'/>
   1001  455       3       jdk.internal.module.IllegalAccessMaps$$Lambda$28/0x000000080007bc40::accept (16 bytes)
<writer thread='26371'/>
   1004  134       3       java.util.HashMap$HashIterator::nextNode (100 bytes)   made not entrant
   1004  361       4       sun.nio.fs.UnixUriUtils::match (50 bytes)
   1008   63       3       sun.nio.fs.UnixUriUtils::match (50 bytes)   made not entrant
   1008  375       4       java.lang.StringBuilder::append (8 bytes)
<writer thread='23811'/>
   1011  456       3       jdk.internal.module.IllegalAccessMaps::lambda$generate$0 (10 bytes)
   1012  457       3       java.util.stream.ReferencePipeline$3$1::accept (23 bytes)
   1015  454       3       java.lang.Class::getPackageName (82 bytes)
<writer thread='39939'/>
   1032  458       1       java.lang.Class::getModule (5 bytes)
<writer thread='7427'/>
   1033  459     n 0       java.lang.invoke.MethodHandle::linkToStatic(LLLLL)V (native)   (static)
   1041  460     n 0       java.lang.invoke.MethodHandle::invokeBasic(LLL)L (native)   
   1042  461     n 0       java.lang.invoke.MethodHandle::linkToSpecial(LLLLL)L (native)   (static)
<writer thread='25859'/>
   1045  237       4       java.lang.AbstractStringBuilder::ensureCapacityInternal (39 bytes)
<writer thread='24323'/>
   1049  462       3       java.lang.String::startsWith (7 bytes)
<writer thread='23811'/>
   1049  463       1       java.lang.invoke.MethodTypeForm::erasedType (5 bytes)
<writer thread='39427'/>
   1049  376       4       java.lang.AbstractStringBuilder::append (77 bytes)
<writer thread='26371'/>
   1049   54       3       java.lang.StringBuilder::append (8 bytes)   made not entrant
   1049  410       4       java.lang.String::indexOf (29 bytes)
<writer thread='7427'/>
   1058  464     n 0       java.lang.Class::isAssignableFrom (native)   
<writer thread='39939'/>
   1060  466       3       jdk.internal.org.objectweb.asm.Type::getArgumentsAndReturnSizes (132 bytes)
<writer thread='23811'/>
   1060  465       3       sun.invoke.util.VerifyAccess::isTypeVisible (118 bytes)
<writer thread='24323'/>
   1063  467       3       java.util.Spliterators$IteratorSpliterator::tryAdvance (77 bytes)
   1068  468       1       java.util.stream.MatchOps$BooleanTerminalSink::cancellationRequested (5 bytes)
   1068  469       3       java.util.stream.MatchOps$1MatchSink::accept (44 bytes)
   1071  477   !   3       java.io.BufferedReader::readLine (327 bytes)
<writer thread='26371'/>
   1074   46       3       java.lang.String::indexOf (29 bytes)   made not entrant
   1074  476       4       jdk.internal.org.objectweb.asm.ByteVector::putUTF8 (144 bytes)
<writer thread='42499'/>
   1088  502       4       java.util.HashMap::getNode (148 bytes)
<writer thread='25859'/>
   1093   36       3       java.lang.AbstractStringBuilder::ensureCapacityInternal (39 bytes)   made not entrant
   1094  507       4       java.util.Spliterators$IteratorSpliterator::tryAdvance (77 bytes)
<writer thread='23811'/>
   1103  485       2       java.util.stream.ReferencePipeline::forEachWithCancel (23 bytes)
<writer thread='25091'/>
   1105  123       3       java.io.DataInputStream::readUTF (501 bytes)   made not entrant
<writer thread='23811'/>
   1106  470       2       jdk.internal.module.IllegalAccessMaps$$Lambda$33/0x0000000800091c40::test (12 bytes)
<writer thread='25091'/>
   1107  508       4       java.util.stream.MatchOps$1MatchSink::accept (44 bytes)
<writer thread='23811'/>
   1110  471       2       jdk.internal.module.IllegalAccessMaps::lambda$isExported$6 (24 bytes)
   1112  506       3       java.util.stream.AbstractPipeline::wrapSink (37 bytes)
<writer thread='24323'/>
   1115  518       3       java.util.stream.AbstractPipeline::copyIntoWithCancel (46 bytes)
<writer thread='7427'/>
   1115  385       4       java.util.HashMap::putVal (300 bytes)   made not entrant
<writer thread='23811'/>
   1115  473       3       java.util.stream.AbstractPipeline::isParallel (8 bytes)
   1116  535       3       java.util.HashMap::putVal (300 bytes)
<writer thread='24323'/>
   1118  478       3       java.lang.invoke.LambdaForm$MH/0x0000000800063040::linkToTargetMethod (9 bytes)
   1120  479       3       java.lang.invoke.LambdaForm$DMH/0x0000000800062c40::invokeStatic (14 bytes)
<writer thread='39427'/>
   1120   60       3       java.lang.AbstractStringBuilder::append (77 bytes)   made not entrant
   1120  472       4       java.util.Objects::requireNonNull (14 bytes)
<writer thread='39939'/>
   1123  474       3       java.util.stream.PipelineHelper::&lt;init&gt; (5 bytes)
<writer thread='24323'/>
   1123  486       3       java.util.stream.StreamOpFlag::combineOpFlags (9 bytes)
<writer thread='39427'/>
   1123   14       3       java.util.Objects::requireNonNull (14 bytes)   made not entrant
   1123  480       4       java.lang.StringLatin1::canEncode (13 bytes)
<writer thread='39939'/>
   1124  487       3       java.util.stream.StreamOpFlag::getMask (30 bytes)
<writer thread='24323'/>
   1125  497       3       java.util.stream.StreamSupport::stream (19 bytes)
<writer thread='39427'/>
   1125   31       3       java.lang.StringLatin1::canEncode (13 bytes)   made not entrant
<writer thread='39939'/>
   1125  498       3       java.util.stream.StreamOpFlag::fromCharacteristics (37 bytes)
   1127  499       3       java.util.stream.ReferencePipeline$Head::&lt;init&gt; (8 bytes)
<writer thread='25091'/>
   1128  469       3       java.util.stream.MatchOps$1MatchSink::accept (44 bytes)   made not entrant
<writer thread='24323'/>
   1129  500       3       java.util.stream.ReferencePipeline::&lt;init&gt; (8 bytes)
<writer thread='39939'/>
   1129  501       3       java.util.stream.AbstractPipeline::&lt;init&gt; (55 bytes)
<writer thread='24323'/>
   1130  512       3       java.util.stream.Sink::end (1 bytes)
   1131  475       1       java.util.stream.AbstractPipeline::getStreamAndOpFlags (5 bytes)
   1131  503       3       java.util.stream.AbstractPipeline::evaluate (94 bytes)
<writer thread='39939'/>
   1132  504       3       java.util.stream.AbstractPipeline::sourceSpliterator (265 bytes)
<writer thread='26371'/>
   1134   26       3       jdk.internal.org.objectweb.asm.ByteVector::putUTF8 (144 bytes)   made not entrant
<writer thread='42499'/>
   1134  174       3       java.util.HashMap::getNode (148 bytes)   made not entrant
<writer thread='23811'/>
   1137  505       3       java.util.stream.AbstractPipeline::wrapAndCopyInto (18 bytes)
<writer thread='24323'/>
   1137  509       3       java.util.stream.AbstractPipeline::copyInto (54 bytes)
<writer thread='23811'/>
   1140  484       3       java.util.stream.ForEachOps$ForEachOp$OfRef::accept (11 bytes)
   1141  488   !   3       java.io.BufferedReader$1::hasNext (43 bytes)
<writer thread='24323'/>
   1142  489       3       java.io.BufferedReader::readLine (7 bytes)
   1144  493       3       java.io.BufferedReader::ensureOpen (18 bytes)
<writer thread='23811'/>
   1144  490       3       java.io.BufferedReader$1::next (5 bytes)
<writer thread='39939'/>
   1145  491       3       java.io.BufferedReader$1::next (34 bytes)
<writer thread='24323'/>
   1145  492       3       jdk.internal.module.IllegalAccessMaps$$Lambda$29/0x0000000800090040::test (8 bytes)
<writer thread='23811'/>
   1146  494       3       jdk.internal.module.IllegalAccessMaps::lambda$generate$2 (22 bytes)
<writer thread='39939'/>
   1147  495       3       jdk.internal.module.IllegalAccessMaps$$Lambda$30/0x0000000800090840::accept (20 bytes)
   1148  496       3       jdk.internal.module.IllegalAccessMaps::lambda$generate$5 (92 bytes)
<writer thread='23811'/>
   1149  510       3       java.util.stream.StreamOpFlag::isKnown (19 bytes)
<writer thread='24323'/>
   1149  511       3       java.util.Spliterator::getExactSizeIfKnown (25 bytes)
<writer thread='23811'/>
   1150  513       3       java.util.Collection::stream (11 bytes)
<writer thread='24323'/>
   1151  514       3       java.util.stream.Sink::begin (1 bytes)
   1151  515       3       java.util.Set::spliterator (6 bytes)
   1154  516       3       java.util.Spliterators::spliterator (16 bytes)
<writer thread='23811'/>
   1154  517       3       java.util.Spliterators$IteratorSpliterator::&lt;init&gt; (39 bytes)
   1156  519       3       java.util.Spliterators$IteratorSpliterator::estimateSize (41 bytes)
<writer thread='24323'/>
   1156  482       1       java.util.stream.MatchOps$BooleanTerminalSink::getAndClearState (5 bytes)
   1157  483       1       java.lang.Boolean::booleanValue (5 bytes)
   1158  520       3       java.util.stream.ReferencePipeline::anyMatch (18 bytes)
<writer thread='23811'/>
   1159  521       3       java.util.stream.MatchOps::makeRef (29 bytes)
<writer thread='25859'/>
   1160  467       3       java.util.Spliterators$IteratorSpliterator::tryAdvance (77 bytes)   made not entrant
<writer thread='26627'/>
   1164  161       3       java.util.HashMap::resize (356 bytes)   made not entrant
<writer thread='39427'/>
   1167  538       4       java.lang.String::coder (15 bytes)
   1168    7       3       java.lang.String::coder (15 bytes)   made not entrant
<writer thread='24323'/>
   1170  539       3       java.lang.StringLatin1::indexOf (121 bytes)
<writer thread='23811'/>
   1170  537       1       java.net.URL::getProtocol (5 bytes)
<writer thread='39939'/>
   1170  540       1       java.net.URL::getPort (5 bytes)
<writer thread='23811'/>
   1170  541       1       java.net.URL::getFile (5 bytes)
<writer thread='39939'/>
   1170  534       1       java.lang.module.ModuleDescriptor::isOpen (5 bytes)
<writer thread='23811'/>
   1171  536       1       java.lang.Module::getDescriptor (5 bytes)
   1171  544       3       java.io.UnixFileSystem::normalize (75 bytes)
<writer thread='39939'/>
   1171  542       3       sun.net.www.ParseUtil::firstEncodeIndex (86 bytes)
<writer thread='24323'/>
   1176  549       3       java.io.UnixFileSystem::prefixLength (25 bytes)
<writer thread='23811'/>
   1181  550       3       java.lang.CharacterDataLatin1::toLowerCase (39 bytes)
<writer thread='24323'/>
   1182  543       3       java.lang.String::endsWith (15 bytes)
<writer thread='23811'/>
   1183  551       1       java.util.ArrayList::size (5 bytes)
   1184  552       1       jdk.internal.loader.URLClassPath$Loader::getBaseURL (5 bytes)
   1185  553       3       java.lang.String::substring (10 bytes)
<writer thread='24323'/>
   1186  545       1       java.net.URL::getAuthority (5 bytes)
<writer thread='39939'/>
   1186  546       1       java.net.URL::getPath (5 bytes)
<writer thread='24323'/>
   1187  547       1       java.net.URL::getQuery (5 bytes)
<writer thread='39939'/>
   1187  548       1       java.net.URL::getRef (5 bytes)
<writer thread='7427'/>
<dependency_failed type='unique_concrete_method' ctxk='java/io/DataInput' x='java.io.DataInputStream readUnsignedShort ()I' witness='java/io/DataInput' stamp='1.202'/>
<dependency_failed type='unique_concrete_method' ctxk='java/io/DataInput' x='java.io.DataInputStream readFully ([BII)V' witness='java/io/DataInput' stamp='1.202'/>
<writer thread='24323'/>
   1208  554       3       java.util.zip.ZipUtils::SH (21 bytes)
   1241  555       3       java.lang.String::indexOf (64 bytes)
<writer thread='23811'/>
   1241  556       3       java.lang.StringLatin1::indexOf (25 bytes)
<writer thread='39939'/>
   1242  557       3       java.lang.String::indexOf (18 bytes)
<writer thread='39427'/>
   1243  564 %     4       java.lang.StringLatin1::indexOf @ 30 (121 bytes)
<writer thread='42499'/>
   1243  565       4       java.lang.String::startsWith (138 bytes)
<writer thread='23811'/>
   1243  560   !   3       java.net.URL::&lt;init&gt; (543 bytes)
<writer thread='39939'/>
   1245  568       3       java.net.URL::isBuiltinStreamHandler (8 bytes)
<writer thread='26371'/>
   1245  572       4       java.lang.CharacterDataLatin1::getProperties (11 bytes)
<writer thread='39939'/>
   1247  569       3       sun.net.util.IPAddressUtil::checkHostString (53 bytes)
<writer thread='26371'/>
   1247  155       3       java.lang.CharacterDataLatin1::getProperties (11 bytes)   made not entrant
<writer thread='24323'/>
   1250  570       3       sun.net.util.IPAddressUtil::scan (92 bytes)
<writer thread='39939'/>
   1259  566       3       java.lang.Character::toLowerCase (9 bytes)
   1262  567       3       java.net.URL::isBuiltinStreamHandler (12 bytes)
<writer thread='24323'/>
   1264  571       3       java.lang.CharacterDataLatin1::toUpperCase (53 bytes)
<writer thread='39939'/>
   1265  573 %     3       jvmLearning.chapter11.Test::doubleValue @ 2 (18 bytes)
<writer thread='24323'/>
   1267  558       3       java.lang.String::indexOf (113 bytes)
<writer thread='42499'/>
   1267  336       3       java.lang.String::startsWith (138 bytes)   made not entrant
<writer thread='39939'/>
   1267  559       3       java.lang.String::regionMatches (150 bytes)
<writer thread='25091'/>
   1268  574 %     4       jvmLearning.chapter11.Test::doubleValue @ 2 (18 bytes)
   1271  573 %     3       jvmLearning.chapter11.Test::doubleValue @ 2 (18 bytes)   made not entrant
<writer thread='7427'/>
   1271  574 %     4       jvmLearning.chapter11.Test::doubleValue @ 2 (18 bytes)   made not entrant
<writer thread='37123'/>
   1275  576     n 0       java.lang.Object::clone (native)   
<writer thread='24323'/>
   1278  575 %     3       jvmLearning.chapter11.Test::doubleValue @ 2 (18 bytes)
<writer thread='25091'/>
   1279  577 %     4       jvmLearning.chapter11.Test::doubleValue @ 2 (18 bytes)
<writer thread='24323'/>
   1279  561       3       java.net.URLStreamHandler::setURL (73 bytes)
<writer thread='39939'/>
   1280  562   !   3       java.net.URL::set (114 bytes)
<writer thread='25091'/>
   1283  575 %     3       jvmLearning.chapter11.Test::doubleValue @ 2 (18 bytes)   made not entrant
<writer thread='26371'/>
   1283  578       4       jvmLearning.chapter11.Test::doubleValue (18 bytes)
<writer thread='24323'/>
   1288  563       3       sun.net.www.protocol.file.Handler::parseURL (18 bytes)
   1292  579       3       jvmLearning.chapter11.Test::calcSum (26 bytes)
<writer thread='25091'/>
   1294  580       4       jvmLearning.chapter11.Test::calcSum (26 bytes)
<writer thread='37123'/>
<dependency_failed type='unique_concrete_method' ctxk='java/util/concurrent/ConcurrentMap' x='java.util.concurrent.ConcurrentHashMap remove (Ljava/lang/Object;)Ljava/lang/Object;' witness='java/util/concurrent/ConcurrentMap' stamp='1.296'/>
<dependency_failed type='unique_concrete_method' ctxk='java/util/concurrent/ConcurrentMap' x='java.util.concurrent.ConcurrentHashMap get (Ljava/lang/Object;)Ljava/lang/Object;' witness='java/util/concurrent/ConcurrentMap' stamp='1.296'/>
<dependency_failed type='unique_concrete_method' ctxk='java/util/concurrent/ConcurrentMap' x='java.util.concurrent.ConcurrentHashMap remove (Ljava/lang/Object;)Ljava/lang/Object;' witness='java/util/concurrent/ConcurrentMap' stamp='1.296'/>
   1296   84       3       java.lang.invoke.MethodType$ConcurrentWeakInternSet::expungeStaleElements (27 bytes)   made not entrant
   1296  112       3       java.lang.invoke.MethodType$ConcurrentWeakInternSet::get (47 bytes)   made not entrant
<writer thread='39939'/>
   1302  581       3       sun.invoke.util.VerifyAccess::isSamePackage (32 bytes)
<writer thread='25091'/>
   1305  579       3       jvmLearning.chapter11.Test::calcSum (26 bytes)   made not entrant
<writer thread='7427'/>
C1 Runtime statistics:
 _resolve_invoke_virtual_cnt:     101
 _resolve_invoke_opt_virtual_cnt: 173
 _resolve_invoke_static_cnt:      61
 _handle_wrong_method_cnt:        34
 _ic_miss_cnt:                    54
 _generic_arraycopy_cnt:          0
 _generic_arraycopystub_cnt:      0
 _byte_arraycopy_cnt:             0
 _short_arraycopy_cnt:            0
 _int_arraycopy_cnt:              0
 _long_arraycopy_cnt:             0
 _oop_arraycopy_cnt:              0
 _arraycopy_slowcase_cnt:         0
 _arraycopy_checkcast_cnt:        0
 _arraycopy_checkcast_attempt_cnt:0
 _new_type_array_slowcase_cnt:    3
 _new_object_array_slowcase_cnt:  2
 _new_instance_slowcase_cnt:      4
 _new_multi_array_slowcase_cnt:   0
 _monitorenter_slowcase_cnt:      0
 _monitorexit_slowcase_cnt:       0
 _patch_code_slowcase_cnt:        0
 _throw_range_check_exception_count:            0:
 _throw_index_exception_count:                  0:
 _throw_div0_exception_count:                   0:
 _throw_null_pointer_exception_count:           0:
 _throw_class_cast_exception_count:             0:
 _throw_incompatible_class_change_error_count:  0:
 _throw_array_store_exception_count:            0:
 _throw_count:                                  0:

<statistics type='deoptimization'>
Deoptimization traps recorded:
    47 (100.0%) total
  class_check/maybe_recompile/invokevirtual: 1 (2.1%)
                       constraint/none/nop: 44 (93.6%)
              unstable_if/reinterpret/ifeq: 1 (2.1%)
         unstable_if/reinterpret/if_icmpge: 1 (2.1%)
</statistics>
<statistics type='SharedRuntime'>
    1 new instance requires GC
   54 inline cache miss in compiled
   34 wrong method
   61 unresolved static call site
  101 unresolved virtual call site
  173 unresolved opt virtual call site
  388 slow partial subtype
13010 byte array copies
  188 short array copies
   68 int array copies
  100 long array copies
  629 unsafe array copies
AdapterHandlerTable: empty 136 longest 4 total 229 average 1.458599
AdapterHandlerTable: lookups 11562 buckets 12081 equals 10740 hits 10740 compact 10740
</statistics>
<statistics type='opto'>
--- Compiler Statistics ---
Methods seen: 198  Methods parsed: 198  Nodes created: 69107
Blocks parsed: 869  Blocks seen: 1031
816 original NULL checks - 656 elided (80%); optimizer leaves 197,
98 made implicit (49%)
CCP: 52  constants found: 0
Total frameslots = 408, Max frameslots = 32
Inserted 0 spill loads, 0 spill stores, 0 mem-mem moves and 0 copies.
Total load cost=      0, store cost =      0, mem-mem cost =  0.00, copy cost =     0.
Adjusted spill cost =       0.
Conservatively coalesced 184 copies, 0 pairs, 1206 post alloc.
Used cisc instruction  43,  remained in register 540
Average allocation trips 1.545455
High Pressure Blocks = 0, Low Pressure Blocks = 0
Nops added 0 bytes to total of 59554 bytes, for 0.00%
Peephole: peephole rules applied: 0
PhaseIdealLoop=272, sum _unique=213596
</statistics>
<statistics type='intrinsic'>
Compiler intrinsic usage:
     3 (11.5%) _hashCode (worked,virtual)
     4 (15.4%) _min (worked)
     5 (19.2%) _arraycopy (worked)
     1 ( 3.8%) _compressStringC (worked)
    13 (50.0%) _equalsL (worked)
    26 (100.0%) total (worked,virtual)
</statistics>
<writer thread='14595'/>
<destroy_vm stamp='1.313'/>
<tty_done stamp='1.786'/>
</tty>
<hotspot_log_done stamp='1.786'/>
</hotspot_log>
